The FetchEvent for "https://pcektkqbgjjnubzuvygf.supabase.co/auth/v1/user" resulted in a network error response: the promise was rejected.
workbox-3663fd56.js:1 Uncaught (in promise) no-response: no-response :: [{"url":"https://pcektkqbgjjnubzuvygf.supabase.co/auth/v1/user","error":{}}]
    at v.U (workbox-3663fd56.js:1:22223)
    at async v.q (workbox-3663fd56.js:1:7607)
U @ workbox-3663fd56.js:1
await in U
q @ workbox-3663fd56.js:1
await in q
handleAll @ workbox-3663fd56.js:1
handle @ workbox-3663fd56.js:1
handleRequest @ workbox-3663fd56.js:1
(anonymous) @ workbox-3663fd56.js:1
network request
(anonymous) @ index-O9VyHUwN.js:1
(anonymous) @ index-O9VyHUwN.js:1
Qr @ index-O9VyHUwN.js:1
(anonymous) @ index-O9VyHUwN.js:1
_useSession @ index-O9VyHUwN.js:1
await in _useSession
_getUser @ index-O9VyHUwN.js:1
getUser @ index-O9VyHUwN.js:1
await in getUser
getUser @ index-O9VyHUwN.js:1
(anonymous) @ index-O9VyHUwN.js:1
initForUser @ index-O9VyHUwN.js:1
init @ index-O9VyHUwN.js:1
await in init
(anonymous) @ index-O9VyHUwN.js:1
index-O9VyHUwN.js:1  GET https://pcektkqbgjjnubzuvygf.supabase.co/auth/v1/user net::ERR_FAILED
(anonymous) @ index-O9VyHUwN.js:1
(anonymous) @ index-O9VyHUwN.js:1
Qr @ index-O9VyHUwN.js:1
(anonymous) @ index-O9VyHUwN.js:1
_useSession @ index-O9VyHUwN.js:1
await in _useSession
_getUser @ index-O9VyHUwN.js:1
getUser @ index-O9VyHUwN.js:1
await in getUser
getUser @ index-O9VyHUwN.js:1
(anonymous) @ index-O9VyHUwN.js:1
initForUser @ index-O9VyHUwN.js:1
init @ index-O9VyHUwN.js:1
await in init
(anonymous) @ index-O9VyHUwN.js:1
installHook.js:1 TypeError: Failed to fetch
    at index-O9VyHUwN.js:1:117697
    at index-O9VyHUwN.js:1:122958
    at Qr (index-O9VyHUwN.js:1:123140)
    at index-O9VyHUwN.js:1:175664
    at nn._useSession (index-O9VyHUwN.js:1:172870)
    at async nn._getUser (index-O9VyHUwN.js:1:175480)
    at async nn.getUser (index-O9VyHUwN.js:1:175292)
    at async Object.getUser (index-O9VyHUwN.js:1:224572)
    at async index-O9VyHUwN.js:1:275346
    at async Object.initForUser (index-O9VyHUwN.js:1:275315)
overrideMethod @ installHook.js:1
(anonymous) @ index-O9VyHUwN.js:1
await in (anonymous)
Qr @ index-O9VyHUwN.js:1
(anonymous) @ index-O9VyHUwN.js:1
_useSession @ index-O9VyHUwN.js:1
await in _useSession
_getUser @ index-O9VyHUwN.js:1
getUser @ index-O9VyHUwN.js:1
await in getUser
getUser @ index-O9VyHUwN.js:1
(anonymous) @ index-O9VyHUwN.js:1
initForUser @ index-O9VyHUwN.js:1
init @ index-O9VyHUwN.js:1
await in init
(anonymous) @ index-O9VyHUwN.js:1
(index):1 <meta name="apple-mobile-web-app-capable" content="yes"> is deprecated. Please include <meta name="mobile-web-app-capable" content="yes">
The FetchEvent for "https://pcektkqbgjjnubzuvygf.supabase.co/auth/v1/user" resulted in a network error response: the promise was rejected.
workbox-3663fd56.js:1 Uncaught (in promise) no-response: no-response :: [{"url":"https://pcektkqbgjjnubzuvygf.supabase.co/auth/v1/user","error":{}}]
    at v.U (workbox-3663fd56.js:1:22223)
    at async v.q (workbox-3663fd56.js:1:7607)
U @ workbox-3663fd56.js:1
await in U
q @ workbox-3663fd56.js:1
await in q
handleAll @ workbox-3663fd56.js:1
handle @ workbox-3663fd56.js:1
handleRequest @ workbox-3663fd56.js:1
(anonymous) @ workbox-3663fd56.js:1
network request
(anonymous) @ index-O9VyHUwN.js:1
(anonymous) @ index-O9VyHUwN.js:1
Qr @ index-O9VyHUwN.js:1
(anonymous) @ index-O9VyHUwN.js:1
_useSession @ index-O9VyHUwN.js:1
await in _useSession
_getUser @ index-O9VyHUwN.js:1
getUser @ index-O9VyHUwN.js:1
await in getUser
getUser @ index-O9VyHUwN.js:1
(anonymous) @ index-O9VyHUwN.js:1
initForUser @ index-O9VyHUwN.js:1
(anonymous) @ index-O9VyHUwN.js:1
await in (anonymous)
(anonymous) @ index-O9VyHUwN.js:1
(anonymous) @ index-O9VyHUwN.js:1
_useSession @ index-O9VyHUwN.js:1
await in _useSession
_emitInitialSession @ index-O9VyHUwN.js:1
(anonymous) @ index-O9VyHUwN.js:1
await in (anonymous)
onAuthStateChange @ index-O9VyHUwN.js:1
onAuthStateChange @ index-O9VyHUwN.js:1
init @ index-O9VyHUwN.js:1
await in init
(anonymous) @ index-O9VyHUwN.js:1
index-O9VyHUwN.js:1  GET https://pcektkqbgjjnubzuvygf.supabase.co/auth/v1/user net::ERR_FAILED
(anonymous) @ index-O9VyHUwN.js:1
(anonymous) @ index-O9VyHUwN.js:1
Qr @ index-O9VyHUwN.js:1
(anonymous) @ index-O9VyHUwN.js:1
_useSession @ index-O9VyHUwN.js:1
await in _useSession
_getUser @ index-O9VyHUwN.js:1
getUser @ index-O9VyHUwN.js:1
await in getUser
getUser @ index-O9VyHUwN.js:1
(anonymous) @ index-O9VyHUwN.js:1
initForUser @ index-O9VyHUwN.js:1
(anonymous) @ index-O9VyHUwN.js:1
await in (anonymous)
(anonymous) @ index-O9VyHUwN.js:1
(anonymous) @ index-O9VyHUwN.js:1
_useSession @ index-O9VyHUwN.js:1
await in _useSession
_emitInitialSession @ index-O9VyHUwN.js:1
(anonymous) @ index-O9VyHUwN.js:1
await in (anonymous)
onAuthStateChange @ index-O9VyHUwN.js:1
onAuthStateChange @ index-O9VyHUwN.js:1
init @ index-O9VyHUwN.js:1
await in init
(anonymous) @ index-O9VyHUwN.js:1
installHook.js:1 TypeError: Failed to fetch
    at index-O9VyHUwN.js:1:117697
    at index-O9VyHUwN.js:1:122958
    at Qr (index-O9VyHUwN.js:1:123140)
    at index-O9VyHUwN.js:1:175664
    at nn._useSession (index-O9VyHUwN.js:1:172870)
    at async nn._getUser (index-O9VyHUwN.js:1:175480)
    at async nn.getUser (index-O9VyHUwN.js:1:175292)
    at async Object.getUser (index-O9VyHUwN.js:1:224572)
    at async index-O9VyHUwN.js:1:275346
    at async Object.initForUser (index-O9VyHUwN.js:1:275315)
overrideMethod @ installHook.js:1
(anonymous) @ index-O9VyHUwN.js:1
await in (anonymous)
Qr @ index-O9VyHUwN.js:1
(anonymous) @ index-O9VyHUwN.js:1
_useSession @ index-O9VyHUwN.js:1
await in _useSession
_getUser @ index-O9VyHUwN.js:1
getUser @ index-O9VyHUwN.js:1
await in getUser
getUser @ index-O9VyHUwN.js:1
(anonymous) @ index-O9VyHUwN.js:1
initForUser @ index-O9VyHUwN.js:1
(anonymous) @ index-O9VyHUwN.js:1
await in (anonymous)
(anonymous) @ index-O9VyHUwN.js:1
(anonymous) @ index-O9VyHUwN.js:1
_useSession @ index-O9VyHUwN.js:1
await in _useSession
_emitInitialSession @ index-O9VyHUwN.js:1
(anonymous) @ index-O9VyHUwN.js:1
await in (anonymous)
onAuthStateChange @ index-O9VyHUwN.js:1
onAuthStateChange @ index-O9VyHUwN.js:1
init @ index-O9VyHUwN.js:1
await in init
(anonymous) @ index-O9VyHUwN.js:1
The FetchEvent for "https://pcektkqbgjjnubzuvygf.supabase.co/auth/v1/user" resulted in a network error response: the promise was rejected.
workbox-3663fd56.js:1 Uncaught (in promise) no-response: no-response :: [{"url":"https://pcektkqbgjjnubzuvygf.supabase.co/auth/v1/user","error":{}}]
    at v.U (workbox-3663fd56.js:1:22223)
    at async v.q (workbox-3663fd56.js:1:7607)
U @ workbox-3663fd56.js:1
await in U
q @ workbox-3663fd56.js:1
await in q
handleAll @ workbox-3663fd56.js:1
handle @ workbox-3663fd56.js:1
handleRequest @ workbox-3663fd56.js:1
(anonymous) @ workbox-3663fd56.js:1
network request
(anonymous) @ index-O9VyHUwN.js:1
(anonymous) @ index-O9VyHUwN.js:1
Qr @ index-O9VyHUwN.js:1
(anonymous) @ index-O9VyHUwN.js:1
_useSession @ index-O9VyHUwN.js:1
await in _useSession
_getUser @ index-O9VyHUwN.js:1
getUser @ index-O9VyHUwN.js:1
await in getUser
getUser @ index-O9VyHUwN.js:1
(anonymous) @ index-O9VyHUwN.js:1
initForUser @ index-O9VyHUwN.js:1
(anonymous) @ index-O9VyHUwN.js:1
await in (anonymous)
(anonymous) @ index-O9VyHUwN.js:1
(anonymous) @ index-O9VyHUwN.js:1
_notifyAllSubscribers @ index-O9VyHUwN.js:1
_recoverAndRefresh @ index-O9VyHUwN.js:1
await in _recoverAndRefresh
_onVisibilityChanged @ index-O9VyHUwN.js:1
await in _onVisibilityChanged
visibilityChangedCallback @ index-O9VyHUwN.js:1
index-O9VyHUwN.js:1  GET https://pcektkqbgjjnubzuvygf.supabase.co/auth/v1/user net::ERR_FAILED
(anonymous) @ index-O9VyHUwN.js:1
(anonymous) @ index-O9VyHUwN.js:1
Qr @ index-O9VyHUwN.js:1
(anonymous) @ index-O9VyHUwN.js:1
_useSession @ index-O9VyHUwN.js:1
await in _useSession
_getUser @ index-O9VyHUwN.js:1
getUser @ index-O9VyHUwN.js:1
await in getUser
getUser @ index-O9VyHUwN.js:1
(anonymous) @ index-O9VyHUwN.js:1
initForUser @ index-O9VyHUwN.js:1
(anonymous) @ index-O9VyHUwN.js:1
await in (anonymous)
(anonymous) @ index-O9VyHUwN.js:1
(anonymous) @ index-O9VyHUwN.js:1
_notifyAllSubscribers @ index-O9VyHUwN.js:1
_recoverAndRefresh @ index-O9VyHUwN.js:1
await in _recoverAndRefresh
_onVisibilityChanged @ index-O9VyHUwN.js:1
await in _onVisibilityChanged
visibilityChangedCallback @ index-O9VyHUwN.js:1
installHook.js:1 TypeError: Failed to fetch
    at index-O9VyHUwN.js:1:117697
    at index-O9VyHUwN.js:1:122958
    at Qr (index-O9VyHUwN.js:1:123140)
    at index-O9VyHUwN.js:1:175664
    at nn._useSession (index-O9VyHUwN.js:1:172870)
    at async nn._getUser (index-O9VyHUwN.js:1:175480)
    at async nn.getUser (index-O9VyHUwN.js:1:175292)
    at async Object.getUser (index-O9VyHUwN.js:1:224572)
    at async index-O9VyHUwN.js:1:275346
    at async Object.initForUser (index-O9VyHUwN.js:1:275315)
overrideMethod @ installHook.js:1
(anonymous) @ index-O9VyHUwN.js:1
await in (anonymous)
Qr @ index-O9VyHUwN.js:1
(anonymous) @ index-O9VyHUwN.js:1
_useSession @ index-O9VyHUwN.js:1
await in _useSession
_getUser @ index-O9VyHUwN.js:1
getUser @ index-O9VyHUwN.js:1
await in getUser
getUser @ index-O9VyHUwN.js:1
(anonymous) @ index-O9VyHUwN.js:1
initForUser @ index-O9VyHUwN.js:1
(anonymous) @ index-O9VyHUwN.js:1
await in (anonymous)
(anonymous) @ index-O9VyHUwN.js:1
(anonymous) @ index-O9VyHUwN.js:1
_notifyAllSubscribers @ index-O9VyHUwN.js:1
_recoverAndRefresh @ index-O9VyHUwN.js:1
await in _recoverAndRefresh
_onVisibilityChanged @ index-O9VyHUwN.js:1
await in _onVisibilityChanged
visibilityChangedCallback @ index-O9VyHUwN.js:1
